ERROR - 2022-11-06 18:43:13 --> Error connecting to the database: mysqli_sql_exception: No se puede establecer una conexión ya que el equipo de destino denegó expresamente dicha conexión.
 in C:\Users\HP\Desktop\tesina-29-10-2022\delivery2-29-10-2022\system\Database\MySQLi\Connection.php:171
Stack trace:
#0 C:\Users\HP\Desktop\tesina-29-10-2022\delivery2-29-10-2022\system\Database\MySQLi\Connection.php(171): mysqli->real_connect('127.0.0.1', 'root', '', 'delivery', 3306, '', 0)
#1 C:\Users\HP\Desktop\tesina-29-10-2022\delivery2-29-10-2022\system\Database\BaseConnection.php(382): CodeIgniter\Database\MySQLi\Connection->connect(false)
#2 C:\Users\HP\Desktop\tesina-29-10-2022\delivery2-29-10-2022\system\Database\BaseConnection.php(588): CodeIgniter\Database\BaseConnection->initialize()
#3 C:\Users\HP\Desktop\tesina-29-10-2022\delivery2-29-10-2022\system\Database\BaseBuilder.php(1585): CodeIgniter\Database\BaseConnection->query('SELECT *\nFROM `...', Array, false)
#4 C:\Users\HP\Desktop\tesina-29-10-2022\delivery2-29-10-2022\system\Model.php(222): CodeIgniter\Database\BaseBuilder->get()
#5 C:\Users\HP\Desktop\tesina-29-10-2022\delivery2-29-10-2022\system\BaseModel.php(584): CodeIgniter\Model->doFindAll(0, 0)
#6 C:\Users\HP\Desktop\tesina-29-10-2022\delivery2-29-10-2022\app\Controllers\RolesController.php(28): CodeIgniter\BaseModel->findAll()
#7 C:\Users\HP\Desktop\tesina-29-10-2022\delivery2-29-10-2022\system\CodeIgniter.php(898): App\Controllers\RolesController->list()
#8 C:\Users\HP\Desktop\tesina-29-10-2022\delivery2-29-10-2022\system\CodeIgniter.php(457): CodeIgniter\CodeIgniter->runController(Object(App\Controllers\RolesController))
#9 C:\Users\HP\Desktop\tesina-29-10-2022\delivery2-29-10-2022\system\CodeIgniter.php(340): CodeIgniter\CodeIgniter->handleRequest(NULL, Object(Config\Cache), false)
#10 C:\Users\HP\Desktop\tesina-29-10-2022\delivery2-29-10-2022\public\index.php(67): CodeIgniter\CodeIgniter->run()
#11 C:\Users\HP\Desktop\tesina-29-10-2022\delivery2-29-10-2022\system\Commands\Server\rewrite.php(43): require_once('C:\\Users\\HP\\Des...')
#12 {main}

Next CodeIgniter\Database\Exceptions\DatabaseException: No se puede establecer una conexión ya que el equipo de destino denegó expresamente dicha conexión.
 in C:\Users\HP\Desktop\tesina-29-10-2022\delivery2-29-10-2022\system\Database\MySQLi\Connection.php:215
Stack trace:
#0 C:\Users\HP\Desktop\tesina-29-10-2022\delivery2-29-10-2022\system\Database\BaseConnection.php(382): CodeIgniter\Database\MySQLi\Connection->connect(false)
#1 C:\Users\HP\Desktop\tesina-29-10-2022\delivery2-29-10-2022\system\Database\BaseConnection.php(588): CodeIgniter\Database\BaseConnection->initialize()
#2 C:\Users\HP\Desktop\tesina-29-10-2022\delivery2-29-10-2022\system\Database\BaseBuilder.php(1585): CodeIgniter\Database\BaseConnection->query('SELECT *\nFROM `...', Array, false)
#3 C:\Users\HP\Desktop\tesina-29-10-2022\delivery2-29-10-2022\system\Model.php(222): CodeIgniter\Database\BaseBuilder->get()
#4 C:\Users\HP\Desktop\tesina-29-10-2022\delivery2-29-10-2022\system\BaseModel.php(584): CodeIgniter\Model->doFindAll(0, 0)
#5 C:\Users\HP\Desktop\tesina-29-10-2022\delivery2-29-10-2022\app\Controllers\RolesController.php(28): CodeIgniter\BaseModel->findAll()
#6 C:\Users\HP\Desktop\tesina-29-10-2022\delivery2-29-10-2022\system\CodeIgniter.php(898): App\Controllers\RolesController->list()
#7 C:\Users\HP\Desktop\tesina-29-10-2022\delivery2-29-10-2022\system\CodeIgniter.php(457): CodeIgniter\CodeIgniter->runController(Object(App\Controllers\RolesController))
#8 C:\Users\HP\Desktop\tesina-29-10-2022\delivery2-29-10-2022\system\CodeIgniter.php(340): CodeIgniter\CodeIgniter->handleRequest(NULL, Object(Config\Cache), false)
#9 C:\Users\HP\Desktop\tesina-29-10-2022\delivery2-29-10-2022\public\index.php(67): CodeIgniter\CodeIgniter->run()
#10 C:\Users\HP\Desktop\tesina-29-10-2022\delivery2-29-10-2022\system\Commands\Server\rewrite.php(43): require_once('C:\\Users\\HP\\Des...')
#11 {main}
ERROR - 2022-11-06 18:43:29 --> Error connecting to the database: mysqli_sql_exception: No se puede establecer una conexión ya que el equipo de destino denegó expresamente dicha conexión.
 in C:\Users\HP\Desktop\tesina-29-10-2022\delivery2-29-10-2022\system\Database\MySQLi\Connection.php:171
Stack trace:
#0 C:\Users\HP\Desktop\tesina-29-10-2022\delivery2-29-10-2022\system\Database\MySQLi\Connection.php(171): mysqli->real_connect('127.0.0.1', 'root', '', 'delivery', 3306, '', 0)
#1 C:\Users\HP\Desktop\tesina-29-10-2022\delivery2-29-10-2022\system\Database\BaseConnection.php(382): CodeIgniter\Database\MySQLi\Connection->connect(false)
#2 C:\Users\HP\Desktop\tesina-29-10-2022\delivery2-29-10-2022\system\Database\BaseConnection.php(588): CodeIgniter\Database\BaseConnection->initialize()
#3 C:\Users\HP\Desktop\tesina-29-10-2022\delivery2-29-10-2022\system\Database\BaseBuilder.php(1585): CodeIgniter\Database\BaseConnection->query('SELECT *\nFROM `...', Array, false)
#4 C:\Users\HP\Desktop\tesina-29-10-2022\delivery2-29-10-2022\system\Model.php(249): CodeIgniter\Database\BaseBuilder->get()
#5 C:\Users\HP\Desktop\tesina-29-10-2022\delivery2-29-10-2022\system\BaseModel.php(622): CodeIgniter\Model->doFirst()
#6 C:\Users\HP\Desktop\tesina-29-10-2022\delivery2-29-10-2022\app\Controllers\LoginController.php(40): CodeIgniter\BaseModel->first()
#7 C:\Users\HP\Desktop\tesina-29-10-2022\delivery2-29-10-2022\system\CodeIgniter.php(898): App\Controllers\LoginController->login()
#8 C:\Users\HP\Desktop\tesina-29-10-2022\delivery2-29-10-2022\system\CodeIgniter.php(457): CodeIgniter\CodeIgniter->runController(Object(App\Controllers\LoginController))
#9 C:\Users\HP\Desktop\tesina-29-10-2022\delivery2-29-10-2022\system\CodeIgniter.php(340): CodeIgniter\CodeIgniter->handleRequest(NULL, Object(Config\Cache), false)
#10 C:\Users\HP\Desktop\tesina-29-10-2022\delivery2-29-10-2022\public\index.php(67): CodeIgniter\CodeIgniter->run()
#11 C:\Users\HP\Desktop\tesina-29-10-2022\delivery2-29-10-2022\system\Commands\Server\rewrite.php(43): require_once('C:\\Users\\HP\\Des...')
#12 {main}

Next CodeIgniter\Database\Exceptions\DatabaseException: No se puede establecer una conexión ya que el equipo de destino denegó expresamente dicha conexión.
 in C:\Users\HP\Desktop\tesina-29-10-2022\delivery2-29-10-2022\system\Database\MySQLi\Connection.php:215
Stack trace:
#0 C:\Users\HP\Desktop\tesina-29-10-2022\delivery2-29-10-2022\system\Database\BaseConnection.php(382): CodeIgniter\Database\MySQLi\Connection->connect(false)
#1 C:\Users\HP\Desktop\tesina-29-10-2022\delivery2-29-10-2022\system\Database\BaseConnection.php(588): CodeIgniter\Database\BaseConnection->initialize()
#2 C:\Users\HP\Desktop\tesina-29-10-2022\delivery2-29-10-2022\system\Database\BaseBuilder.php(1585): CodeIgniter\Database\BaseConnection->query('SELECT *\nFROM `...', Array, false)
#3 C:\Users\HP\Desktop\tesina-29-10-2022\delivery2-29-10-2022\system\Model.php(249): CodeIgniter\Database\BaseBuilder->get()
#4 C:\Users\HP\Desktop\tesina-29-10-2022\delivery2-29-10-2022\system\BaseModel.php(622): CodeIgniter\Model->doFirst()
#5 C:\Users\HP\Desktop\tesina-29-10-2022\delivery2-29-10-2022\app\Controllers\LoginController.php(40): CodeIgniter\BaseModel->first()
#6 C:\Users\HP\Desktop\tesina-29-10-2022\delivery2-29-10-2022\system\CodeIgniter.php(898): App\Controllers\LoginController->login()
#7 C:\Users\HP\Desktop\tesina-29-10-2022\delivery2-29-10-2022\system\CodeIgniter.php(457): CodeIgniter\CodeIgniter->runController(Object(App\Controllers\LoginController))
#8 C:\Users\HP\Desktop\tesina-29-10-2022\delivery2-29-10-2022\system\CodeIgniter.php(340): CodeIgniter\CodeIgniter->handleRequest(NULL, Object(Config\Cache), false)
#9 C:\Users\HP\Desktop\tesina-29-10-2022\delivery2-29-10-2022\public\index.php(67): CodeIgniter\CodeIgniter->run()
#10 C:\Users\HP\Desktop\tesina-29-10-2022\delivery2-29-10-2022\system\Commands\Server\rewrite.php(43): require_once('C:\\Users\\HP\\Des...')
#11 {main}
ERROR - 2022-11-06 18:43:38 --> Error connecting to the database: mysqli_sql_exception: No se puede establecer una conexión ya que el equipo de destino denegó expresamente dicha conexión.
 in C:\Users\HP\Desktop\tesina-29-10-2022\delivery2-29-10-2022\system\Database\MySQLi\Connection.php:171
Stack trace:
#0 C:\Users\HP\Desktop\tesina-29-10-2022\delivery2-29-10-2022\system\Database\MySQLi\Connection.php(171): mysqli->real_connect('127.0.0.1', 'root', '', 'delivery', 3306, '', 0)
#1 C:\Users\HP\Desktop\tesina-29-10-2022\delivery2-29-10-2022\system\Database\BaseConnection.php(382): CodeIgniter\Database\MySQLi\Connection->connect(false)
#2 C:\Users\HP\Desktop\tesina-29-10-2022\delivery2-29-10-2022\system\Database\BaseConnection.php(588): CodeIgniter\Database\BaseConnection->initialize()
#3 C:\Users\HP\Desktop\tesina-29-10-2022\delivery2-29-10-2022\system\Database\BaseBuilder.php(1585): CodeIgniter\Database\BaseConnection->query('SELECT *\nFROM `...', Array, false)
#4 C:\Users\HP\Desktop\tesina-29-10-2022\delivery2-29-10-2022\system\Model.php(249): CodeIgniter\Database\BaseBuilder->get()
#5 C:\Users\HP\Desktop\tesina-29-10-2022\delivery2-29-10-2022\system\BaseModel.php(622): CodeIgniter\Model->doFirst()
#6 C:\Users\HP\Desktop\tesina-29-10-2022\delivery2-29-10-2022\app\Controllers\LoginController.php(40): CodeIgniter\BaseModel->first()
#7 C:\Users\HP\Desktop\tesina-29-10-2022\delivery2-29-10-2022\system\CodeIgniter.php(898): App\Controllers\LoginController->login()
#8 C:\Users\HP\Desktop\tesina-29-10-2022\delivery2-29-10-2022\system\CodeIgniter.php(457): CodeIgniter\CodeIgniter->runController(Object(App\Controllers\LoginController))
#9 C:\Users\HP\Desktop\tesina-29-10-2022\delivery2-29-10-2022\system\CodeIgniter.php(340): CodeIgniter\CodeIgniter->handleRequest(NULL, Object(Config\Cache), false)
#10 C:\Users\HP\Desktop\tesina-29-10-2022\delivery2-29-10-2022\public\index.php(67): CodeIgniter\CodeIgniter->run()
#11 C:\Users\HP\Desktop\tesina-29-10-2022\delivery2-29-10-2022\system\Commands\Server\rewrite.php(43): require_once('C:\\Users\\HP\\Des...')
#12 {main}

Next CodeIgniter\Database\Exceptions\DatabaseException: No se puede establecer una conexión ya que el equipo de destino denegó expresamente dicha conexión.
 in C:\Users\HP\Desktop\tesina-29-10-2022\delivery2-29-10-2022\system\Database\MySQLi\Connection.php:215
Stack trace:
#0 C:\Users\HP\Desktop\tesina-29-10-2022\delivery2-29-10-2022\system\Database\BaseConnection.php(382): CodeIgniter\Database\MySQLi\Connection->connect(false)
#1 C:\Users\HP\Desktop\tesina-29-10-2022\delivery2-29-10-2022\system\Database\BaseConnection.php(588): CodeIgniter\Database\BaseConnection->initialize()
#2 C:\Users\HP\Desktop\tesina-29-10-2022\delivery2-29-10-2022\system\Database\BaseBuilder.php(1585): CodeIgniter\Database\BaseConnection->query('SELECT *\nFROM `...', Array, false)
#3 C:\Users\HP\Desktop\tesina-29-10-2022\delivery2-29-10-2022\system\Model.php(249): CodeIgniter\Database\BaseBuilder->get()
#4 C:\Users\HP\Desktop\tesina-29-10-2022\delivery2-29-10-2022\system\BaseModel.php(622): CodeIgniter\Model->doFirst()
#5 C:\Users\HP\Desktop\tesina-29-10-2022\delivery2-29-10-2022\app\Controllers\LoginController.php(40): CodeIgniter\BaseModel->first()
#6 C:\Users\HP\Desktop\tesina-29-10-2022\delivery2-29-10-2022\system\CodeIgniter.php(898): App\Controllers\LoginController->login()
#7 C:\Users\HP\Desktop\tesina-29-10-2022\delivery2-29-10-2022\system\CodeIgniter.php(457): CodeIgniter\CodeIgniter->runController(Object(App\Controllers\LoginController))
#8 C:\Users\HP\Desktop\tesina-29-10-2022\delivery2-29-10-2022\system\CodeIgniter.php(340): CodeIgniter\CodeIgniter->handleRequest(NULL, Object(Config\Cache), false)
#9 C:\Users\HP\Desktop\tesina-29-10-2022\delivery2-29-10-2022\public\index.php(67): CodeIgniter\CodeIgniter->run()
#10 C:\Users\HP\Desktop\tesina-29-10-2022\delivery2-29-10-2022\system\Commands\Server\rewrite.php(43): require_once('C:\\Users\\HP\\Des...')
#11 {main}
ERROR - 2022-11-06 18:52:26 --> Error connecting to the database: mysqli_sql_exception: No se puede establecer una conexión ya que el equipo de destino denegó expresamente dicha conexión.
 in C:\Users\HP\Desktop\tesina-29-10-2022\delivery2-29-10-2022\system\Database\MySQLi\Connection.php:171
Stack trace:
#0 C:\Users\HP\Desktop\tesina-29-10-2022\delivery2-29-10-2022\system\Database\MySQLi\Connection.php(171): mysqli->real_connect('127.0.0.1', 'root', '', 'delivery', 3306, '', 0)
#1 C:\Users\HP\Desktop\tesina-29-10-2022\delivery2-29-10-2022\system\Database\BaseConnection.php(382): CodeIgniter\Database\MySQLi\Connection->connect(false)
#2 C:\Users\HP\Desktop\tesina-29-10-2022\delivery2-29-10-2022\system\Database\BaseConnection.php(588): CodeIgniter\Database\BaseConnection->initialize()
#3 C:\Users\HP\Desktop\tesina-29-10-2022\delivery2-29-10-2022\system\Database\BaseBuilder.php(1585): CodeIgniter\Database\BaseConnection->query('SELECT *\nFROM `...', Array, false)
#4 C:\Users\HP\Desktop\tesina-29-10-2022\delivery2-29-10-2022\system\Model.php(222): CodeIgniter\Database\BaseBuilder->get()
#5 C:\Users\HP\Desktop\tesina-29-10-2022\delivery2-29-10-2022\system\BaseModel.php(584): CodeIgniter\Model->doFindAll(0, 0)
#6 C:\Users\HP\Desktop\tesina-29-10-2022\delivery2-29-10-2022\app\Controllers\RolesController.php(28): CodeIgniter\BaseModel->findAll()
#7 C:\Users\HP\Desktop\tesina-29-10-2022\delivery2-29-10-2022\system\CodeIgniter.php(898): App\Controllers\RolesController->list()
#8 C:\Users\HP\Desktop\tesina-29-10-2022\delivery2-29-10-2022\system\CodeIgniter.php(457): CodeIgniter\CodeIgniter->runController(Object(App\Controllers\RolesController))
#9 C:\Users\HP\Desktop\tesina-29-10-2022\delivery2-29-10-2022\system\CodeIgniter.php(340): CodeIgniter\CodeIgniter->handleRequest(NULL, Object(Config\Cache), false)
#10 C:\Users\HP\Desktop\tesina-29-10-2022\delivery2-29-10-2022\public\index.php(67): CodeIgniter\CodeIgniter->run()
#11 C:\Users\HP\Desktop\tesina-29-10-2022\delivery2-29-10-2022\system\Commands\Server\rewrite.php(43): require_once('C:\\Users\\HP\\Des...')
#12 {main}

Next CodeIgniter\Database\Exceptions\DatabaseException: No se puede establecer una conexión ya que el equipo de destino denegó expresamente dicha conexión.
 in C:\Users\HP\Desktop\tesina-29-10-2022\delivery2-29-10-2022\system\Database\MySQLi\Connection.php:215
Stack trace:
#0 C:\Users\HP\Desktop\tesina-29-10-2022\delivery2-29-10-2022\system\Database\BaseConnection.php(382): CodeIgniter\Database\MySQLi\Connection->connect(false)
#1 C:\Users\HP\Desktop\tesina-29-10-2022\delivery2-29-10-2022\system\Database\BaseConnection.php(588): CodeIgniter\Database\BaseConnection->initialize()
#2 C:\Users\HP\Desktop\tesina-29-10-2022\delivery2-29-10-2022\system\Database\BaseBuilder.php(1585): CodeIgniter\Database\BaseConnection->query('SELECT *\nFROM `...', Array, false)
#3 C:\Users\HP\Desktop\tesina-29-10-2022\delivery2-29-10-2022\system\Model.php(222): CodeIgniter\Database\BaseBuilder->get()
#4 C:\Users\HP\Desktop\tesina-29-10-2022\delivery2-29-10-2022\system\BaseModel.php(584): CodeIgniter\Model->doFindAll(0, 0)
#5 C:\Users\HP\Desktop\tesina-29-10-2022\delivery2-29-10-2022\app\Controllers\RolesController.php(28): CodeIgniter\BaseModel->findAll()
#6 C:\Users\HP\Desktop\tesina-29-10-2022\delivery2-29-10-2022\system\CodeIgniter.php(898): App\Controllers\RolesController->list()
#7 C:\Users\HP\Desktop\tesina-29-10-2022\delivery2-29-10-2022\system\CodeIgniter.php(457): CodeIgniter\CodeIgniter->runController(Object(App\Controllers\RolesController))
#8 C:\Users\HP\Desktop\tesina-29-10-2022\delivery2-29-10-2022\system\CodeIgniter.php(340): CodeIgniter\CodeIgniter->handleRequest(NULL, Object(Config\Cache), false)
#9 C:\Users\HP\Desktop\tesina-29-10-2022\delivery2-29-10-2022\public\index.php(67): CodeIgniter\CodeIgniter->run()
#10 C:\Users\HP\Desktop\tesina-29-10-2022\delivery2-29-10-2022\system\Commands\Server\rewrite.php(43): require_once('C:\\Users\\HP\\Des...')
#11 {main}
