ERROR - 2022-08-15 19:09:48 --> Error connecting to the database: mysqli_sql_exception: Access denied for user 'root'@'localhost' (using password: YES) in C:\Users\HP\Desktop\delivery2\system\Database\MySQLi\Connection.php:171
Stack trace:
#0 C:\Users\HP\Desktop\delivery2\system\Database\MySQLi\Connection.php(171): mysqli->real_connect('127.0.0.1', 'root', 'admin', 'delivery', 3306, '', 0)
#1 C:\Users\HP\Desktop\delivery2\system\Database\BaseConnection.php(382): CodeIgniter\Database\MySQLi\Connection->connect(false)
#2 C:\Users\HP\Desktop\delivery2\system\Database\BaseConnection.php(588): CodeIgniter\Database\BaseConnection->initialize()
#3 C:\Users\HP\Desktop\delivery2\system\Database\BaseBuilder.php(1585): CodeIgniter\Database\BaseConnection->query('SELECT *\nFROM `...', Array, false)
#4 C:\Users\HP\Desktop\delivery2\system\Model.php(249): CodeIgniter\Database\BaseBuilder->get()
#5 C:\Users\HP\Desktop\delivery2\system\BaseModel.php(622): CodeIgniter\Model->doFirst()
#6 C:\Users\HP\Desktop\delivery2\app\Controllers\LoginController.php(40): CodeIgniter\BaseModel->first()
#7 C:\Users\HP\Desktop\delivery2\system\CodeIgniter.php(898): App\Controllers\LoginController->login()
#8 C:\Users\HP\Desktop\delivery2\system\CodeIgniter.php(457): CodeIgniter\CodeIgniter->runController(Object(App\Controllers\LoginController))
#9 C:\Users\HP\Desktop\delivery2\system\CodeIgniter.php(340): CodeIgniter\CodeIgniter->handleRequest(NULL, Object(Config\Cache), false)
#10 C:\Users\HP\Desktop\delivery2\public\index.php(67): CodeIgniter\CodeIgniter->run()
#11 C:\Users\HP\Desktop\delivery2\system\Commands\Server\rewrite.php(43): require_once('C:\\Users\\HP\\Des...')
#12 {main}

Next CodeIgniter\Database\Exceptions\DatabaseException: Access denied for user '****'@'localhost' (using password: YES) in C:\Users\HP\Desktop\delivery2\system\Database\MySQLi\Connection.php:215
Stack trace:
#0 C:\Users\HP\Desktop\delivery2\system\Database\BaseConnection.php(382): CodeIgniter\Database\MySQLi\Connection->connect(false)
#1 C:\Users\HP\Desktop\delivery2\system\Database\BaseConnection.php(588): CodeIgniter\Database\BaseConnection->initialize()
#2 C:\Users\HP\Desktop\delivery2\system\Database\BaseBuilder.php(1585): CodeIgniter\Database\BaseConnection->query('SELECT *\nFROM `...', Array, false)
#3 C:\Users\HP\Desktop\delivery2\system\Model.php(249): CodeIgniter\Database\BaseBuilder->get()
#4 C:\Users\HP\Desktop\delivery2\system\BaseModel.php(622): CodeIgniter\Model->doFirst()
#5 C:\Users\HP\Desktop\delivery2\app\Controllers\LoginController.php(40): CodeIgniter\BaseModel->first()
#6 C:\Users\HP\Desktop\delivery2\system\CodeIgniter.php(898): App\Controllers\LoginController->login()
#7 C:\Users\HP\Desktop\delivery2\system\CodeIgniter.php(457): CodeIgniter\CodeIgniter->runController(Object(App\Controllers\LoginController))
#8 C:\Users\HP\Desktop\delivery2\system\CodeIgniter.php(340): CodeIgniter\CodeIgniter->handleRequest(NULL, Object(Config\Cache), false)
#9 C:\Users\HP\Desktop\delivery2\public\index.php(67): CodeIgniter\CodeIgniter->run()
#10 C:\Users\HP\Desktop\delivery2\system\Commands\Server\rewrite.php(43): require_once('C:\\Users\\HP\\Des...')
#11 {main}
ERROR - 2022-08-15 19:10:54 --> Error connecting to the database: mysqli_sql_exception: Access denied for user 'root'@'localhost' (using password: YES) in C:\Users\HP\Desktop\delivery2\system\Database\MySQLi\Connection.php:171
Stack trace:
#0 C:\Users\HP\Desktop\delivery2\system\Database\MySQLi\Connection.php(171): mysqli->real_connect('127.0.0.1', 'root', 'admin', 'delivery', 3306, '', 0)
#1 C:\Users\HP\Desktop\delivery2\system\Database\BaseConnection.php(382): CodeIgniter\Database\MySQLi\Connection->connect(false)
#2 C:\Users\HP\Desktop\delivery2\system\Database\BaseConnection.php(588): CodeIgniter\Database\BaseConnection->initialize()
#3 C:\Users\HP\Desktop\delivery2\system\Database\BaseBuilder.php(1585): CodeIgniter\Database\BaseConnection->query('SELECT *\nFROM `...', Array, false)
#4 C:\Users\HP\Desktop\delivery2\system\Model.php(249): CodeIgniter\Database\BaseBuilder->get()
#5 C:\Users\HP\Desktop\delivery2\system\BaseModel.php(622): CodeIgniter\Model->doFirst()
#6 C:\Users\HP\Desktop\delivery2\app\Controllers\LoginController.php(40): CodeIgniter\BaseModel->first()
#7 C:\Users\HP\Desktop\delivery2\system\CodeIgniter.php(898): App\Controllers\LoginController->login()
#8 C:\Users\HP\Desktop\delivery2\system\CodeIgniter.php(457): CodeIgniter\CodeIgniter->runController(Object(App\Controllers\LoginController))
#9 C:\Users\HP\Desktop\delivery2\system\CodeIgniter.php(340): CodeIgniter\CodeIgniter->handleRequest(NULL, Object(Config\Cache), false)
#10 C:\Users\HP\Desktop\delivery2\public\index.php(67): CodeIgniter\CodeIgniter->run()
#11 C:\Users\HP\Desktop\delivery2\system\Commands\Server\rewrite.php(43): require_once('C:\\Users\\HP\\Des...')
#12 {main}

Next CodeIgniter\Database\Exceptions\DatabaseException: Access denied for user '****'@'localhost' (using password: YES) in C:\Users\HP\Desktop\delivery2\system\Database\MySQLi\Connection.php:215
Stack trace:
#0 C:\Users\HP\Desktop\delivery2\system\Database\BaseConnection.php(382): CodeIgniter\Database\MySQLi\Connection->connect(false)
#1 C:\Users\HP\Desktop\delivery2\system\Database\BaseConnection.php(588): CodeIgniter\Database\BaseConnection->initialize()
#2 C:\Users\HP\Desktop\delivery2\system\Database\BaseBuilder.php(1585): CodeIgniter\Database\BaseConnection->query('SELECT *\nFROM `...', Array, false)
#3 C:\Users\HP\Desktop\delivery2\system\Model.php(249): CodeIgniter\Database\BaseBuilder->get()
#4 C:\Users\HP\Desktop\delivery2\system\BaseModel.php(622): CodeIgniter\Model->doFirst()
#5 C:\Users\HP\Desktop\delivery2\app\Controllers\LoginController.php(40): CodeIgniter\BaseModel->first()
#6 C:\Users\HP\Desktop\delivery2\system\CodeIgniter.php(898): App\Controllers\LoginController->login()
#7 C:\Users\HP\Desktop\delivery2\system\CodeIgniter.php(457): CodeIgniter\CodeIgniter->runController(Object(App\Controllers\LoginController))
#8 C:\Users\HP\Desktop\delivery2\system\CodeIgniter.php(340): CodeIgniter\CodeIgniter->handleRequest(NULL, Object(Config\Cache), false)
#9 C:\Users\HP\Desktop\delivery2\public\index.php(67): CodeIgniter\CodeIgniter->run()
#10 C:\Users\HP\Desktop\delivery2\system\Commands\Server\rewrite.php(43): require_once('C:\\Users\\HP\\Des...')
#11 {main}
ERROR - 2022-08-15 19:11:25 --> Error connecting to the database: mysqli_sql_exception: Access denied for user 'root'@'localhost' (using password: YES) in C:\Users\HP\Desktop\delivery2\system\Database\MySQLi\Connection.php:171
Stack trace:
#0 C:\Users\HP\Desktop\delivery2\system\Database\MySQLi\Connection.php(171): mysqli->real_connect('127.0.0.1', 'root', 'admin', 'delivery', 3306, '', 0)
#1 C:\Users\HP\Desktop\delivery2\system\Database\BaseConnection.php(382): CodeIgniter\Database\MySQLi\Connection->connect(false)
#2 C:\Users\HP\Desktop\delivery2\system\Database\BaseConnection.php(588): CodeIgniter\Database\BaseConnection->initialize()
#3 C:\Users\HP\Desktop\delivery2\system\Database\BaseBuilder.php(1585): CodeIgniter\Database\BaseConnection->query('SELECT *\nFROM `...', Array, false)
#4 C:\Users\HP\Desktop\delivery2\system\Model.php(249): CodeIgniter\Database\BaseBuilder->get()
#5 C:\Users\HP\Desktop\delivery2\system\BaseModel.php(622): CodeIgniter\Model->doFirst()
#6 C:\Users\HP\Desktop\delivery2\app\Controllers\LoginController.php(40): CodeIgniter\BaseModel->first()
#7 C:\Users\HP\Desktop\delivery2\system\CodeIgniter.php(898): App\Controllers\LoginController->login()
#8 C:\Users\HP\Desktop\delivery2\system\CodeIgniter.php(457): CodeIgniter\CodeIgniter->runController(Object(App\Controllers\LoginController))
#9 C:\Users\HP\Desktop\delivery2\system\CodeIgniter.php(340): CodeIgniter\CodeIgniter->handleRequest(NULL, Object(Config\Cache), false)
#10 C:\Users\HP\Desktop\delivery2\public\index.php(67): CodeIgniter\CodeIgniter->run()
#11 C:\Users\HP\Desktop\delivery2\system\Commands\Server\rewrite.php(43): require_once('C:\\Users\\HP\\Des...')
#12 {main}

Next CodeIgniter\Database\Exceptions\DatabaseException: Access denied for user '****'@'localhost' (using password: YES) in C:\Users\HP\Desktop\delivery2\system\Database\MySQLi\Connection.php:215
Stack trace:
#0 C:\Users\HP\Desktop\delivery2\system\Database\BaseConnection.php(382): CodeIgniter\Database\MySQLi\Connection->connect(false)
#1 C:\Users\HP\Desktop\delivery2\system\Database\BaseConnection.php(588): CodeIgniter\Database\BaseConnection->initialize()
#2 C:\Users\HP\Desktop\delivery2\system\Database\BaseBuilder.php(1585): CodeIgniter\Database\BaseConnection->query('SELECT *\nFROM `...', Array, false)
#3 C:\Users\HP\Desktop\delivery2\system\Model.php(249): CodeIgniter\Database\BaseBuilder->get()
#4 C:\Users\HP\Desktop\delivery2\system\BaseModel.php(622): CodeIgniter\Model->doFirst()
#5 C:\Users\HP\Desktop\delivery2\app\Controllers\LoginController.php(40): CodeIgniter\BaseModel->first()
#6 C:\Users\HP\Desktop\delivery2\system\CodeIgniter.php(898): App\Controllers\LoginController->login()
#7 C:\Users\HP\Desktop\delivery2\system\CodeIgniter.php(457): CodeIgniter\CodeIgniter->runController(Object(App\Controllers\LoginController))
#8 C:\Users\HP\Desktop\delivery2\system\CodeIgniter.php(340): CodeIgniter\CodeIgniter->handleRequest(NULL, Object(Config\Cache), false)
#9 C:\Users\HP\Desktop\delivery2\public\index.php(67): CodeIgniter\CodeIgniter->run()
#10 C:\Users\HP\Desktop\delivery2\system\Commands\Server\rewrite.php(43): require_once('C:\\Users\\HP\\Des...')
#11 {main}
ERROR - 2022-08-15 19:11:33 --> Error connecting to the database: mysqli_sql_exception: Access denied for user 'root'@'localhost' (using password: YES) in C:\Users\HP\Desktop\delivery2\system\Database\MySQLi\Connection.php:171
Stack trace:
#0 C:\Users\HP\Desktop\delivery2\system\Database\MySQLi\Connection.php(171): mysqli->real_connect('127.0.0.1', 'root', 'admin', 'delivery', 3306, '', 0)
#1 C:\Users\HP\Desktop\delivery2\system\Database\BaseConnection.php(382): CodeIgniter\Database\MySQLi\Connection->connect(false)
#2 C:\Users\HP\Desktop\delivery2\system\Database\BaseConnection.php(588): CodeIgniter\Database\BaseConnection->initialize()
#3 C:\Users\HP\Desktop\delivery2\system\Database\BaseBuilder.php(1585): CodeIgniter\Database\BaseConnection->query('SELECT *\nFROM `...', Array, false)
#4 C:\Users\HP\Desktop\delivery2\system\Model.php(249): CodeIgniter\Database\BaseBuilder->get()
#5 C:\Users\HP\Desktop\delivery2\system\BaseModel.php(622): CodeIgniter\Model->doFirst()
#6 C:\Users\HP\Desktop\delivery2\app\Controllers\LoginController.php(40): CodeIgniter\BaseModel->first()
#7 C:\Users\HP\Desktop\delivery2\system\CodeIgniter.php(898): App\Controllers\LoginController->login()
#8 C:\Users\HP\Desktop\delivery2\system\CodeIgniter.php(457): CodeIgniter\CodeIgniter->runController(Object(App\Controllers\LoginController))
#9 C:\Users\HP\Desktop\delivery2\system\CodeIgniter.php(340): CodeIgniter\CodeIgniter->handleRequest(NULL, Object(Config\Cache), false)
#10 C:\Users\HP\Desktop\delivery2\public\index.php(67): CodeIgniter\CodeIgniter->run()
#11 C:\Users\HP\Desktop\delivery2\system\Commands\Server\rewrite.php(43): require_once('C:\\Users\\HP\\Des...')
#12 {main}

Next CodeIgniter\Database\Exceptions\DatabaseException: Access denied for user '****'@'localhost' (using password: YES) in C:\Users\HP\Desktop\delivery2\system\Database\MySQLi\Connection.php:215
Stack trace:
#0 C:\Users\HP\Desktop\delivery2\system\Database\BaseConnection.php(382): CodeIgniter\Database\MySQLi\Connection->connect(false)
#1 C:\Users\HP\Desktop\delivery2\system\Database\BaseConnection.php(588): CodeIgniter\Database\BaseConnection->initialize()
#2 C:\Users\HP\Desktop\delivery2\system\Database\BaseBuilder.php(1585): CodeIgniter\Database\BaseConnection->query('SELECT *\nFROM `...', Array, false)
#3 C:\Users\HP\Desktop\delivery2\system\Model.php(249): CodeIgniter\Database\BaseBuilder->get()
#4 C:\Users\HP\Desktop\delivery2\system\BaseModel.php(622): CodeIgniter\Model->doFirst()
#5 C:\Users\HP\Desktop\delivery2\app\Controllers\LoginController.php(40): CodeIgniter\BaseModel->first()
#6 C:\Users\HP\Desktop\delivery2\system\CodeIgniter.php(898): App\Controllers\LoginController->login()
#7 C:\Users\HP\Desktop\delivery2\system\CodeIgniter.php(457): CodeIgniter\CodeIgniter->runController(Object(App\Controllers\LoginController))
#8 C:\Users\HP\Desktop\delivery2\system\CodeIgniter.php(340): CodeIgniter\CodeIgniter->handleRequest(NULL, Object(Config\Cache), false)
#9 C:\Users\HP\Desktop\delivery2\public\index.php(67): CodeIgniter\CodeIgniter->run()
#10 C:\Users\HP\Desktop\delivery2\system\Commands\Server\rewrite.php(43): require_once('C:\\Users\\HP\\Des...')
#11 {main}
