ERROR - 2022-11-27 10:38:42 --> Error connecting to the database: mysqli_sql_exception: Access denied for user 'id19897718_root'@'localhost' (using password: YES) in C:\Users\HP\Desktop\tesina-29-10-2022\delivery225112022-26-11-2022\system\Database\MySQLi\Connection.php:171
Stack trace:
#0 C:\Users\HP\Desktop\tesina-29-10-2022\delivery225112022-26-11-2022\system\Database\MySQLi\Connection.php(171): mysqli->real_connect('localhost', 'id19897718_root', 'h3F/4U(t6m[$-~5...', 'id19897718_deli...', 3306, '', 0)
#1 C:\Users\HP\Desktop\tesina-29-10-2022\delivery225112022-26-11-2022\system\Database\BaseConnection.php(382): CodeIgniter\Database\MySQLi\Connection->connect(false)
#2 C:\Users\HP\Desktop\tesina-29-10-2022\delivery225112022-26-11-2022\system\Database\BaseConnection.php(588): CodeIgniter\Database\BaseConnection->initialize()
#3 C:\Users\HP\Desktop\tesina-29-10-2022\delivery225112022-26-11-2022\system\Database\BaseBuilder.php(1585): CodeIgniter\Database\BaseConnection->query('SELECT *\nFROM `...', Array, false)
#4 C:\Users\HP\Desktop\tesina-29-10-2022\delivery225112022-26-11-2022\system\Model.php(222): CodeIgniter\Database\BaseBuilder->get()
#5 C:\Users\HP\Desktop\tesina-29-10-2022\delivery225112022-26-11-2022\system\BaseModel.php(584): CodeIgniter\Model->doFindAll(0, 0)
#6 C:\Users\HP\Desktop\tesina-29-10-2022\delivery225112022-26-11-2022\app\Controllers\CategoriaController.php(25): CodeIgniter\BaseModel->findAll()
#7 C:\Users\HP\Desktop\tesina-29-10-2022\delivery225112022-26-11-2022\system\CodeIgniter.php(898): App\Controllers\CategoriaController->list()
#8 C:\Users\HP\Desktop\tesina-29-10-2022\delivery225112022-26-11-2022\system\CodeIgniter.php(457): CodeIgniter\CodeIgniter->runController(Object(App\Controllers\CategoriaController))
#9 C:\Users\HP\Desktop\tesina-29-10-2022\delivery225112022-26-11-2022\system\CodeIgniter.php(340): CodeIgniter\CodeIgniter->handleRequest(NULL, Object(Config\Cache), false)
#10 C:\Users\HP\Desktop\tesina-29-10-2022\delivery225112022-26-11-2022\public\index.php(67): CodeIgniter\CodeIgniter->run()
#11 C:\Users\HP\Desktop\tesina-29-10-2022\delivery225112022-26-11-2022\system\Commands\Server\rewrite.php(43): require_once('C:\\Users\\HP\\Des...')
#12 {main}

Next CodeIgniter\Database\Exceptions\DatabaseException: Access denied for user '****'@'localhost' (using password: YES) in C:\Users\HP\Desktop\tesina-29-10-2022\delivery225112022-26-11-2022\system\Database\MySQLi\Connection.php:215
Stack trace:
#0 C:\Users\HP\Desktop\tesina-29-10-2022\delivery225112022-26-11-2022\system\Database\BaseConnection.php(382): CodeIgniter\Database\MySQLi\Connection->connect(false)
#1 C:\Users\HP\Desktop\tesina-29-10-2022\delivery225112022-26-11-2022\system\Database\BaseConnection.php(588): CodeIgniter\Database\BaseConnection->initialize()
#2 C:\Users\HP\Desktop\tesina-29-10-2022\delivery225112022-26-11-2022\system\Database\BaseBuilder.php(1585): CodeIgniter\Database\BaseConnection->query('SELECT *\nFROM `...', Array, false)
#3 C:\Users\HP\Desktop\tesina-29-10-2022\delivery225112022-26-11-2022\system\Model.php(222): CodeIgniter\Database\BaseBuilder->get()
#4 C:\Users\HP\Desktop\tesina-29-10-2022\delivery225112022-26-11-2022\system\BaseModel.php(584): CodeIgniter\Model->doFindAll(0, 0)
#5 C:\Users\HP\Desktop\tesina-29-10-2022\delivery225112022-26-11-2022\app\Controllers\CategoriaController.php(25): CodeIgniter\BaseModel->findAll()
#6 C:\Users\HP\Desktop\tesina-29-10-2022\delivery225112022-26-11-2022\system\CodeIgniter.php(898): App\Controllers\CategoriaController->list()
#7 C:\Users\HP\Desktop\tesina-29-10-2022\delivery225112022-26-11-2022\system\CodeIgniter.php(457): CodeIgniter\CodeIgniter->runController(Object(App\Controllers\CategoriaController))
#8 C:\Users\HP\Desktop\tesina-29-10-2022\delivery225112022-26-11-2022\system\CodeIgniter.php(340): CodeIgniter\CodeIgniter->handleRequest(NULL, Object(Config\Cache), false)
#9 C:\Users\HP\Desktop\tesina-29-10-2022\delivery225112022-26-11-2022\public\index.php(67): CodeIgniter\CodeIgniter->run()
#10 C:\Users\HP\Desktop\tesina-29-10-2022\delivery225112022-26-11-2022\system\Commands\Server\rewrite.php(43): require_once('C:\\Users\\HP\\Des...')
#11 {main}
