CRITICAL - 2022-08-13 20:38:27 --> The framework needs the following extension(s) installed and loaded: intl.
in SYSTEMPATH/CodeIgniter.php on line 219.
 1 SYSTEMPATH/CodeIgniter.php(219): CodeIgniter\Exceptions\FrameworkException::forMissingExtension()
 2 SYSTEMPATH/CodeIgniter.php(177): CodeIgniter\CodeIgniter->resolvePlatformExtensions()
 3 ROOTPATH/spark(83): CodeIgniter\CodeIgniter->initialize()
ERROR - 2022-08-13 19:40:31 --> Error connecting to the database: mysqli_sql_exception: No such file or directory in /home/merino/Documentos/delivery2/system/Database/MySQLi/Connection.php:171
Stack trace:
#0 /home/merino/Documentos/delivery2/system/Database/MySQLi/Connection.php(171): mysqli->real_connect()
#1 /home/merino/Documentos/delivery2/system/Database/BaseConnection.php(382): CodeIgniter\Database\MySQLi\Connection->connect()
#2 /home/merino/Documentos/delivery2/system/Database/BaseConnection.php(588): CodeIgniter\Database\BaseConnection->initialize()
#3 /home/merino/Documentos/delivery2/system/Database/BaseBuilder.php(1585): CodeIgniter\Database\BaseConnection->query()
#4 /home/merino/Documentos/delivery2/system/Model.php(249): CodeIgniter\Database\BaseBuilder->get()
#5 /home/merino/Documentos/delivery2/system/BaseModel.php(622): CodeIgniter\Model->doFirst()
#6 /home/merino/Documentos/delivery2/app/Controllers/LoginController.php(40): CodeIgniter\BaseModel->first()
#7 /home/merino/Documentos/delivery2/system/CodeIgniter.php(898): App\Controllers\LoginController->login()
#8 /home/merino/Documentos/delivery2/system/CodeIgniter.php(457): CodeIgniter\CodeIgniter->runController()
#9 /home/merino/Documentos/delivery2/system/CodeIgniter.php(340): CodeIgniter\CodeIgniter->handleRequest()
#10 /home/merino/Documentos/delivery2/public/index.php(67): CodeIgniter\CodeIgniter->run()
#11 /home/merino/Documentos/delivery2/system/Commands/Server/rewrite.php(43): require_once('...')
#12 {main}

Next CodeIgniter\Database\Exceptions\DatabaseException: No such file or directory in /home/merino/Documentos/delivery2/system/Database/MySQLi/Connection.php:215
Stack trace:
#0 /home/merino/Documentos/delivery2/system/Database/BaseConnection.php(382): CodeIgniter\Database\MySQLi\Connection->connect()
#1 /home/merino/Documentos/delivery2/system/Database/BaseConnection.php(588): CodeIgniter\Database\BaseConnection->initialize()
#2 /home/merino/Documentos/delivery2/system/Database/BaseBuilder.php(1585): CodeIgniter\Database\BaseConnection->query()
#3 /home/merino/Documentos/delivery2/system/Model.php(249): CodeIgniter\Database\BaseBuilder->get()
#4 /home/merino/Documentos/delivery2/system/BaseModel.php(622): CodeIgniter\Model->doFirst()
#5 /home/merino/Documentos/delivery2/app/Controllers/LoginController.php(40): CodeIgniter\BaseModel->first()
#6 /home/merino/Documentos/delivery2/system/CodeIgniter.php(898): App\Controllers\LoginController->login()
#7 /home/merino/Documentos/delivery2/system/CodeIgniter.php(457): CodeIgniter\CodeIgniter->runController()
#8 /home/merino/Documentos/delivery2/system/CodeIgniter.php(340): CodeIgniter\CodeIgniter->handleRequest()
#9 /home/merino/Documentos/delivery2/public/index.php(67): CodeIgniter\CodeIgniter->run()
#10 /home/merino/Documentos/delivery2/system/Commands/Server/rewrite.php(43): require_once('...')
#11 {main}
