CRITICAL - 2022-08-10 07:29:54 --> Call to a member function transRollback() on null
in APPPATH\Controllers\EmpresaController.php on line 137.
 1 SYSTEMPATH\CodeIgniter.php(898): App\Controllers\EmpresaController->create()
 2 SYSTEMPATH\CodeIgniter.php(457): CodeIgniter\CodeIgniter->runController(Object(App\Controllers\EmpresaController))
 3 SYSTEMPATH\CodeIgniter.php(340): CodeIgniter\CodeIgniter->handleRequest(null, Object(Config\Cache), false)
 4 FCPATH\index.php(67): CodeIgniter\CodeIgniter->run()
 5 SYSTEMPATH\Commands\Server\rewrite.php(43): require_once('FCPATH\\index.php')
CRITICAL - 2022-08-10 07:31:40 --> Call to a member function transRollback() on null
in APPPATH\Controllers\EmpresaController.php on line 137.
 1 SYSTEMPATH\CodeIgniter.php(898): App\Controllers\EmpresaController->create()
 2 SYSTEMPATH\CodeIgniter.php(457): CodeIgniter\CodeIgniter->runController(Object(App\Controllers\EmpresaController))
 3 SYSTEMPATH\CodeIgniter.php(340): CodeIgniter\CodeIgniter->handleRequest(null, Object(Config\Cache), false)
 4 FCPATH\index.php(67): CodeIgniter\CodeIgniter->run()
 5 SYSTEMPATH\Commands\Server\rewrite.php(43): require_once('FCPATH\\index.php')
ERROR - 2022-08-10 11:32:01 --> mysqli_sql_exception: Unknown column 'borrado' in 'where clause' in C:\Users\jose.merino\Desktop\code\delivery2\system\Database\MySQLi\Connection.php:292
Stack trace:
#0 C:\Users\jose.merino\Desktop\code\delivery2\system\Database\MySQLi\Connection.php(292): mysqli->query('SELECT *\nFROM `...', 0)
#1 C:\Users\jose.merino\Desktop\code\delivery2\system\Database\BaseConnection.php(693): CodeIgniter\Database\MySQLi\Connection->execute('SELECT *\nFROM `...')
#2 C:\Users\jose.merino\Desktop\code\delivery2\system\Database\BaseConnection.php(620): CodeIgniter\Database\BaseConnection->simpleQuery('SELECT *\nFROM `...')
#3 C:\Users\jose.merino\Desktop\code\delivery2\system\Database\BaseBuilder.php(1585): CodeIgniter\Database\BaseConnection->query('SELECT *\nFROM `...', Array, false)
#4 C:\Users\jose.merino\Desktop\code\delivery2\system\Model.php(222): CodeIgniter\Database\BaseBuilder->get()
#5 C:\Users\jose.merino\Desktop\code\delivery2\system\BaseModel.php(584): CodeIgniter\Model->doFindAll(0, 0)
#6 C:\Users\jose.merino\Desktop\code\delivery2\app\Controllers\EmpresaController.php(68): CodeIgniter\BaseModel->findAll()
#7 C:\Users\jose.merino\Desktop\code\delivery2\app\Controllers\EmpresaController.php(53): App\Controllers\EmpresaController->getCategorias('5')
#8 C:\Users\jose.merino\Desktop\code\delivery2\system\CodeIgniter.php(898): App\Controllers\EmpresaController->listById('5')
#9 C:\Users\jose.merino\Desktop\code\delivery2\system\CodeIgniter.php(457): CodeIgniter\CodeIgniter->runController(Object(App\Controllers\EmpresaController))
#10 C:\Users\jose.merino\Desktop\code\delivery2\system\CodeIgniter.php(340): CodeIgniter\CodeIgniter->handleRequest(NULL, Object(Config\Cache), false)
#11 C:\Users\jose.merino\Desktop\code\delivery2\public\index.php(67): CodeIgniter\CodeIgniter->run()
#12 C:\Users\jose.merino\Desktop\code\delivery2\system\Commands\Server\rewrite.php(43): require_once('C:\\Users\\jose.m...')
#13 {main}
