ERROR - 2022-12-17 00:08:49 --> Error connecting to the database: mysqli_sql_exception: Access denied for user 'root'@'localhost' (using password: YES) in C:\Users\HP\Desktop\proyecto_final\delivery\system\Database\MySQLi\Connection.php:171
Stack trace:
#0 C:\Users\HP\Desktop\proyecto_final\delivery\system\Database\MySQLi\Connection.php(171): mysqli->real_connect('127.0.0.1', 'root', 'admin', 'delivery', 3306, '', 0)
#1 C:\Users\HP\Desktop\proyecto_final\delivery\system\Database\BaseConnection.php(382): CodeIgniter\Database\MySQLi\Connection->connect(false)
#2 C:\Users\HP\Desktop\proyecto_final\delivery\system\Database\BaseConnection.php(588): CodeIgniter\Database\BaseConnection->initialize()
#3 C:\Users\HP\Desktop\proyecto_final\delivery\system\Database\BaseBuilder.php(1585): CodeIgniter\Database\BaseConnection->query('SELECT *\nFROM `...', Array, false)
#4 C:\Users\HP\Desktop\proyecto_final\delivery\system\Model.php(249): CodeIgniter\Database\BaseBuilder->get()
#5 C:\Users\HP\Desktop\proyecto_final\delivery\system\BaseModel.php(622): CodeIgniter\Model->doFirst()
#6 C:\Users\HP\Desktop\proyecto_final\delivery\app\Controllers\LoginController.php(40): CodeIgniter\BaseModel->first()
#7 C:\Users\HP\Desktop\proyecto_final\delivery\system\CodeIgniter.php(898): App\Controllers\LoginController->login()
#8 C:\Users\HP\Desktop\proyecto_final\delivery\system\CodeIgniter.php(457): CodeIgniter\CodeIgniter->runController(Object(App\Controllers\LoginController))
#9 C:\Users\HP\Desktop\proyecto_final\delivery\system\CodeIgniter.php(340): CodeIgniter\CodeIgniter->handleRequest(NULL, Object(Config\Cache), false)
#10 C:\Users\HP\Desktop\proyecto_final\delivery\public\index.php(67): CodeIgniter\CodeIgniter->run()
#11 C:\Users\HP\Desktop\proyecto_final\delivery\system\Commands\Server\rewrite.php(43): require_once('C:\\Users\\HP\\Des...')
#12 {main}

Next CodeIgniter\Database\Exceptions\DatabaseException: Access denied for user '****'@'localhost' (using password: YES) in C:\Users\HP\Desktop\proyecto_final\delivery\system\Database\MySQLi\Connection.php:215
Stack trace:
#0 C:\Users\HP\Desktop\proyecto_final\delivery\system\Database\BaseConnection.php(382): CodeIgniter\Database\MySQLi\Connection->connect(false)
#1 C:\Users\HP\Desktop\proyecto_final\delivery\system\Database\BaseConnection.php(588): CodeIgniter\Database\BaseConnection->initialize()
#2 C:\Users\HP\Desktop\proyecto_final\delivery\system\Database\BaseBuilder.php(1585): CodeIgniter\Database\BaseConnection->query('SELECT *\nFROM `...', Array, false)
#3 C:\Users\HP\Desktop\proyecto_final\delivery\system\Model.php(249): CodeIgniter\Database\BaseBuilder->get()
#4 C:\Users\HP\Desktop\proyecto_final\delivery\system\BaseModel.php(622): CodeIgniter\Model->doFirst()
#5 C:\Users\HP\Desktop\proyecto_final\delivery\app\Controllers\LoginController.php(40): CodeIgniter\BaseModel->first()
#6 C:\Users\HP\Desktop\proyecto_final\delivery\system\CodeIgniter.php(898): App\Controllers\LoginController->login()
#7 C:\Users\HP\Desktop\proyecto_final\delivery\system\CodeIgniter.php(457): CodeIgniter\CodeIgniter->runController(Object(App\Controllers\LoginController))
#8 C:\Users\HP\Desktop\proyecto_final\delivery\system\CodeIgniter.php(340): CodeIgniter\CodeIgniter->handleRequest(NULL, Object(Config\Cache), false)
#9 C:\Users\HP\Desktop\proyecto_final\delivery\public\index.php(67): CodeIgniter\CodeIgniter->run()
#10 C:\Users\HP\Desktop\proyecto_final\delivery\system\Commands\Server\rewrite.php(43): require_once('C:\\Users\\HP\\Des...')
#11 {main}
ERROR - 2022-12-17 00:10:28 --> Error connecting to the database: mysqli_sql_exception: Access denied for user 'root'@'localhost' (using password: YES) in C:\Users\HP\Desktop\proyecto_final\delivery\system\Database\MySQLi\Connection.php:171
Stack trace:
#0 C:\Users\HP\Desktop\proyecto_final\delivery\system\Database\MySQLi\Connection.php(171): mysqli->real_connect('127.0.0.1', 'root', 'admin', 'delivery', 3306, '', 0)
#1 C:\Users\HP\Desktop\proyecto_final\delivery\system\Database\BaseConnection.php(382): CodeIgniter\Database\MySQLi\Connection->connect(false)
#2 C:\Users\HP\Desktop\proyecto_final\delivery\system\Database\BaseConnection.php(588): CodeIgniter\Database\BaseConnection->initialize()
#3 C:\Users\HP\Desktop\proyecto_final\delivery\system\Database\BaseBuilder.php(1585): CodeIgniter\Database\BaseConnection->query('SELECT *\nFROM `...', Array, false)
#4 C:\Users\HP\Desktop\proyecto_final\delivery\system\Model.php(222): CodeIgniter\Database\BaseBuilder->get()
#5 C:\Users\HP\Desktop\proyecto_final\delivery\system\BaseModel.php(584): CodeIgniter\Model->doFindAll(0, 0)
#6 C:\Users\HP\Desktop\proyecto_final\delivery\app\Controllers\RegistrarController.php(109): CodeIgniter\BaseModel->findAll()
#7 C:\Users\HP\Desktop\proyecto_final\delivery\system\CodeIgniter.php(898): App\Controllers\RegistrarController->create()
#8 C:\Users\HP\Desktop\proyecto_final\delivery\system\CodeIgniter.php(457): CodeIgniter\CodeIgniter->runController(Object(App\Controllers\RegistrarController))
#9 C:\Users\HP\Desktop\proyecto_final\delivery\system\CodeIgniter.php(340): CodeIgniter\CodeIgniter->handleRequest(NULL, Object(Config\Cache), false)
#10 C:\Users\HP\Desktop\proyecto_final\delivery\public\index.php(67): CodeIgniter\CodeIgniter->run()
#11 C:\Users\HP\Desktop\proyecto_final\delivery\system\Commands\Server\rewrite.php(43): require_once('C:\\Users\\HP\\Des...')
#12 {main}

Next CodeIgniter\Database\Exceptions\DatabaseException: Access denied for user '****'@'localhost' (using password: YES) in C:\Users\HP\Desktop\proyecto_final\delivery\system\Database\MySQLi\Connection.php:215
Stack trace:
#0 C:\Users\HP\Desktop\proyecto_final\delivery\system\Database\BaseConnection.php(382): CodeIgniter\Database\MySQLi\Connection->connect(false)
#1 C:\Users\HP\Desktop\proyecto_final\delivery\system\Database\BaseConnection.php(588): CodeIgniter\Database\BaseConnection->initialize()
#2 C:\Users\HP\Desktop\proyecto_final\delivery\system\Database\BaseBuilder.php(1585): CodeIgniter\Database\BaseConnection->query('SELECT *\nFROM `...', Array, false)
#3 C:\Users\HP\Desktop\proyecto_final\delivery\system\Model.php(222): CodeIgniter\Database\BaseBuilder->get()
#4 C:\Users\HP\Desktop\proyecto_final\delivery\system\BaseModel.php(584): CodeIgniter\Model->doFindAll(0, 0)
#5 C:\Users\HP\Desktop\proyecto_final\delivery\app\Controllers\RegistrarController.php(109): CodeIgniter\BaseModel->findAll()
#6 C:\Users\HP\Desktop\proyecto_final\delivery\system\CodeIgniter.php(898): App\Controllers\RegistrarController->create()
#7 C:\Users\HP\Desktop\proyecto_final\delivery\system\CodeIgniter.php(457): CodeIgniter\CodeIgniter->runController(Object(App\Controllers\RegistrarController))
#8 C:\Users\HP\Desktop\proyecto_final\delivery\system\CodeIgniter.php(340): CodeIgniter\CodeIgniter->handleRequest(NULL, Object(Config\Cache), false)
#9 C:\Users\HP\Desktop\proyecto_final\delivery\public\index.php(67): CodeIgniter\CodeIgniter->run()
#10 C:\Users\HP\Desktop\proyecto_final\delivery\system\Commands\Server\rewrite.php(43): require_once('C:\\Users\\HP\\Des...')
#11 {main}
ERROR - 2022-12-17 00:11:03 --> Error connecting to the database: mysqli_sql_exception: Access denied for user 'root'@'localhost' (using password: YES) in C:\Users\HP\Desktop\proyecto_final\delivery\system\Database\MySQLi\Connection.php:171
Stack trace:
#0 C:\Users\HP\Desktop\proyecto_final\delivery\system\Database\MySQLi\Connection.php(171): mysqli->real_connect('127.0.0.1', 'root', 'admin', 'delivery', 3306, '', 0)
#1 C:\Users\HP\Desktop\proyecto_final\delivery\system\Database\BaseConnection.php(382): CodeIgniter\Database\MySQLi\Connection->connect(false)
#2 C:\Users\HP\Desktop\proyecto_final\delivery\system\Database\BaseConnection.php(588): CodeIgniter\Database\BaseConnection->initialize()
#3 C:\Users\HP\Desktop\proyecto_final\delivery\system\Database\BaseBuilder.php(1585): CodeIgniter\Database\BaseConnection->query('SELECT *\nFROM `...', Array, false)
#4 C:\Users\HP\Desktop\proyecto_final\delivery\system\Model.php(222): CodeIgniter\Database\BaseBuilder->get()
#5 C:\Users\HP\Desktop\proyecto_final\delivery\system\BaseModel.php(584): CodeIgniter\Model->doFindAll(0, 0)
#6 C:\Users\HP\Desktop\proyecto_final\delivery\app\Controllers\RegistrarController.php(109): CodeIgniter\BaseModel->findAll()
#7 C:\Users\HP\Desktop\proyecto_final\delivery\system\CodeIgniter.php(898): App\Controllers\RegistrarController->create()
#8 C:\Users\HP\Desktop\proyecto_final\delivery\system\CodeIgniter.php(457): CodeIgniter\CodeIgniter->runController(Object(App\Controllers\RegistrarController))
#9 C:\Users\HP\Desktop\proyecto_final\delivery\system\CodeIgniter.php(340): CodeIgniter\CodeIgniter->handleRequest(NULL, Object(Config\Cache), false)
#10 C:\Users\HP\Desktop\proyecto_final\delivery\public\index.php(67): CodeIgniter\CodeIgniter->run()
#11 C:\Users\HP\Desktop\proyecto_final\delivery\system\Commands\Server\rewrite.php(43): require_once('C:\\Users\\HP\\Des...')
#12 {main}

Next CodeIgniter\Database\Exceptions\DatabaseException: Access denied for user '****'@'localhost' (using password: YES) in C:\Users\HP\Desktop\proyecto_final\delivery\system\Database\MySQLi\Connection.php:215
Stack trace:
#0 C:\Users\HP\Desktop\proyecto_final\delivery\system\Database\BaseConnection.php(382): CodeIgniter\Database\MySQLi\Connection->connect(false)
#1 C:\Users\HP\Desktop\proyecto_final\delivery\system\Database\BaseConnection.php(588): CodeIgniter\Database\BaseConnection->initialize()
#2 C:\Users\HP\Desktop\proyecto_final\delivery\system\Database\BaseBuilder.php(1585): CodeIgniter\Database\BaseConnection->query('SELECT *\nFROM `...', Array, false)
#3 C:\Users\HP\Desktop\proyecto_final\delivery\system\Model.php(222): CodeIgniter\Database\BaseBuilder->get()
#4 C:\Users\HP\Desktop\proyecto_final\delivery\system\BaseModel.php(584): CodeIgniter\Model->doFindAll(0, 0)
#5 C:\Users\HP\Desktop\proyecto_final\delivery\app\Controllers\RegistrarController.php(109): CodeIgniter\BaseModel->findAll()
#6 C:\Users\HP\Desktop\proyecto_final\delivery\system\CodeIgniter.php(898): App\Controllers\RegistrarController->create()
#7 C:\Users\HP\Desktop\proyecto_final\delivery\system\CodeIgniter.php(457): CodeIgniter\CodeIgniter->runController(Object(App\Controllers\RegistrarController))
#8 C:\Users\HP\Desktop\proyecto_final\delivery\system\CodeIgniter.php(340): CodeIgniter\CodeIgniter->handleRequest(NULL, Object(Config\Cache), false)
#9 C:\Users\HP\Desktop\proyecto_final\delivery\public\index.php(67): CodeIgniter\CodeIgniter->run()
#10 C:\Users\HP\Desktop\proyecto_final\delivery\system\Commands\Server\rewrite.php(43): require_once('C:\\Users\\HP\\Des...')
#11 {main}
ERROR - 2022-12-17 00:11:11 --> Error connecting to the database: mysqli_sql_exception: Access denied for user 'root'@'localhost' (using password: YES) in C:\Users\HP\Desktop\proyecto_final\delivery\system\Database\MySQLi\Connection.php:171
Stack trace:
#0 C:\Users\HP\Desktop\proyecto_final\delivery\system\Database\MySQLi\Connection.php(171): mysqli->real_connect('127.0.0.1', 'root', 'admin', 'delivery', 3306, '', 0)
#1 C:\Users\HP\Desktop\proyecto_final\delivery\system\Database\BaseConnection.php(382): CodeIgniter\Database\MySQLi\Connection->connect(false)
#2 C:\Users\HP\Desktop\proyecto_final\delivery\system\Database\BaseConnection.php(588): CodeIgniter\Database\BaseConnection->initialize()
#3 C:\Users\HP\Desktop\proyecto_final\delivery\system\Database\BaseBuilder.php(1585): CodeIgniter\Database\BaseConnection->query('SELECT *\nFROM `...', Array, false)
#4 C:\Users\HP\Desktop\proyecto_final\delivery\system\Model.php(222): CodeIgniter\Database\BaseBuilder->get()
#5 C:\Users\HP\Desktop\proyecto_final\delivery\system\BaseModel.php(584): CodeIgniter\Model->doFindAll(0, 0)
#6 C:\Users\HP\Desktop\proyecto_final\delivery\app\Controllers\RegistrarController.php(109): CodeIgniter\BaseModel->findAll()
#7 C:\Users\HP\Desktop\proyecto_final\delivery\system\CodeIgniter.php(898): App\Controllers\RegistrarController->create()
#8 C:\Users\HP\Desktop\proyecto_final\delivery\system\CodeIgniter.php(457): CodeIgniter\CodeIgniter->runController(Object(App\Controllers\RegistrarController))
#9 C:\Users\HP\Desktop\proyecto_final\delivery\system\CodeIgniter.php(340): CodeIgniter\CodeIgniter->handleRequest(NULL, Object(Config\Cache), false)
#10 C:\Users\HP\Desktop\proyecto_final\delivery\public\index.php(67): CodeIgniter\CodeIgniter->run()
#11 C:\Users\HP\Desktop\proyecto_final\delivery\system\Commands\Server\rewrite.php(43): require_once('C:\\Users\\HP\\Des...')
#12 {main}

Next CodeIgniter\Database\Exceptions\DatabaseException: Access denied for user '****'@'localhost' (using password: YES) in C:\Users\HP\Desktop\proyecto_final\delivery\system\Database\MySQLi\Connection.php:215
Stack trace:
#0 C:\Users\HP\Desktop\proyecto_final\delivery\system\Database\BaseConnection.php(382): CodeIgniter\Database\MySQLi\Connection->connect(false)
#1 C:\Users\HP\Desktop\proyecto_final\delivery\system\Database\BaseConnection.php(588): CodeIgniter\Database\BaseConnection->initialize()
#2 C:\Users\HP\Desktop\proyecto_final\delivery\system\Database\BaseBuilder.php(1585): CodeIgniter\Database\BaseConnection->query('SELECT *\nFROM `...', Array, false)
#3 C:\Users\HP\Desktop\proyecto_final\delivery\system\Model.php(222): CodeIgniter\Database\BaseBuilder->get()
#4 C:\Users\HP\Desktop\proyecto_final\delivery\system\BaseModel.php(584): CodeIgniter\Model->doFindAll(0, 0)
#5 C:\Users\HP\Desktop\proyecto_final\delivery\app\Controllers\RegistrarController.php(109): CodeIgniter\BaseModel->findAll()
#6 C:\Users\HP\Desktop\proyecto_final\delivery\system\CodeIgniter.php(898): App\Controllers\RegistrarController->create()
#7 C:\Users\HP\Desktop\proyecto_final\delivery\system\CodeIgniter.php(457): CodeIgniter\CodeIgniter->runController(Object(App\Controllers\RegistrarController))
#8 C:\Users\HP\Desktop\proyecto_final\delivery\system\CodeIgniter.php(340): CodeIgniter\CodeIgniter->handleRequest(NULL, Object(Config\Cache), false)
#9 C:\Users\HP\Desktop\proyecto_final\delivery\public\index.php(67): CodeIgniter\CodeIgniter->run()
#10 C:\Users\HP\Desktop\proyecto_final\delivery\system\Commands\Server\rewrite.php(43): require_once('C:\\Users\\HP\\Des...')
#11 {main}
ERROR - 2022-12-17 00:20:13 --> mysqli_sql_exception: Table 'delivery.usuarios_app' doesn't exist in C:\Users\HP\Desktop\proyecto_final\delivery\system\Database\MySQLi\Connection.php:292
Stack trace:
#0 C:\Users\HP\Desktop\proyecto_final\delivery\system\Database\MySQLi\Connection.php(292): mysqli->query('SELECT *\nFROM `...', 0)
#1 C:\Users\HP\Desktop\proyecto_final\delivery\system\Database\BaseConnection.php(693): CodeIgniter\Database\MySQLi\Connection->execute('SELECT *\nFROM `...')
#2 C:\Users\HP\Desktop\proyecto_final\delivery\system\Database\BaseConnection.php(620): CodeIgniter\Database\BaseConnection->simpleQuery('SELECT *\nFROM `...')
#3 C:\Users\HP\Desktop\proyecto_final\delivery\system\Database\BaseBuilder.php(1585): CodeIgniter\Database\BaseConnection->query('SELECT *\nFROM `...', Array, false)
#4 C:\Users\HP\Desktop\proyecto_final\delivery\system\Model.php(249): CodeIgniter\Database\BaseBuilder->get()
#5 C:\Users\HP\Desktop\proyecto_final\delivery\system\BaseModel.php(622): CodeIgniter\Model->doFirst()
#6 C:\Users\HP\Desktop\proyecto_final\delivery\app\Controllers\LoginController.php(40): CodeIgniter\BaseModel->first()
#7 C:\Users\HP\Desktop\proyecto_final\delivery\system\CodeIgniter.php(898): App\Controllers\LoginController->login()
#8 C:\Users\HP\Desktop\proyecto_final\delivery\system\CodeIgniter.php(457): CodeIgniter\CodeIgniter->runController(Object(App\Controllers\LoginController))
#9 C:\Users\HP\Desktop\proyecto_final\delivery\system\CodeIgniter.php(340): CodeIgniter\CodeIgniter->handleRequest(NULL, Object(Config\Cache), false)
#10 C:\Users\HP\Desktop\proyecto_final\delivery\public\index.php(67): CodeIgniter\CodeIgniter->run()
#11 C:\Users\HP\Desktop\proyecto_final\delivery\system\Commands\Server\rewrite.php(43): require_once('C:\\Users\\HP\\Des...')
#12 {main}
